# JRE version: OpenJDK Runtime Environment Corretto-21.0.11.10.1 (21.0.11+10) (build 21.0.11+10-LTS)
# Java VM: OpenJDK 64-Bit Server VM Corretto-21.0.11.10.1 (21.0.11+10-LTS, mixed mode, sharing, tiered, compressed oops, compressed class ptrs, g1 gc, windows-amd64)
GC Precious Log:
 CardTable entry size: 512
 Card Set container configuration: InlinePtr #cards 4 size 8 Array Of Cards #cards 16 size 48 Howl #buckets 8 coarsen threshold 3686 Howl Bitmap #cards 512 size 80 coarsen threshold 460 Card regions per heap region 1 cards per card region 4096
 CPUs: 4 total, 4 available
 Memory: 6059M
 Large Page Support: Disabled
 NUMA Support: Disabled
 Compressed Oops: Enabled (Zero based)
 Heap Region Size: 2M
 Heap Min Capacity: 8M
 Heap Initial Capacity: 96M
 Heap Max Capacity: 3G
 Pre-touch: Disabled
 Parallel Workers: 4
 Concurrent Workers: 1
 Concurrent Refinement Workers: 4
 Periodic GC: Disabled
Heap:
 garbage-first heap   total 430080K, used 123888K [0x0000000740000000, 0x0000000800000000)
  region size 2048K, 2 young (4096K), 2 survivors (4096K)
 Metaspace       used 154046K, committed 155904K, reserved 1245184K
  class space    used 19979K, committed 20928K, reserved 1048576K
GC Heap History (20 events):
Event: 10114.832 GC heap after
{Heap after GC invocations=96 (full 1):
 garbage-first heap   total 430080K, used 126534K [0x0000000740000000, 0x0000000800000000)
  region size 2048K, 2 young (4096K), 2 survivors (4096K)
 Metaspace       used 144812K, committed 146816K, reserved 1179648K
  class space    used 18903K, committed 19968K, reserved 1048576K
}
Event: 10990.006 GC heap before
{Heap before GC invocations=97 (full 1):
 garbage-first heap   total 430080K, used 177734K [0x0000000740000000, 0x0000000800000000)
  region size 2048K, 28 young (57344K), 2 survivors (4096K)
 Metaspace       used 145698K, committed 147840K, reserved 1179648K
  class space    used 19033K, committed 20160K, reserved 1048576K
}
Event: 10990.404 GC heap after
{Heap after GC invocations=98 (full 1):
 garbage-first heap   total 430080K, used 129800K [0x0000000740000000, 0x0000000800000000)
  region size 2048K, 3 young (6144K), 3 survivors (6144K)
 Metaspace       used 145698K, committed 147840K, reserved 1179648K
  class space    used 19033K, committed 20160K, reserved 1048576K
}
Event: 10997.087 GC heap before
{Heap before GC invocations=98 (full 1):
 garbage-first heap   total 430080K, used 144136K [0x0000000740000000, 0x0000000800000000)
  region size 2048K, 10 young (20480K), 3 survivors (6144K)
 Metaspace       used 145715K, committed 147840K, reserved 1179648K
  class space    used 19035K, committed 20160K, reserved 1048576K
}
Event: 10997.154 GC heap after
{Heap after GC invocations=99 (full 1):
 garbage-first heap   total 430080K, used 129381K [0x0000000740000000, 0x0000000800000000)
  region size 2048K, 1 young (2048K), 1 survivors (2048K)
 Metaspace       used 145715K, committed 147840K, reserved 1179648K
  class space    used 19035K, committed 20160K, reserved 1048576K
}
Event: 11028.822 GC heap before
{Heap before GC invocations=99 (full 1):
 garbage-first heap   total 430080K, used 145765K [0x0000000740000000, 0x0000000800000000)
  region size 2048K, 10 young (20480K), 1 survivors (2048K)
 Metaspace       used 145963K, committed 148096K, reserved 1179648K
  class space    used 19035K, committed 20160K, reserved 1048576K
}
Event: 11029.517 GC heap after
{Heap after GC invocations=100 (full 1):
 garbage-first heap   total 430080K, used 129403K [0x0000000740000000, 0x0000000800000000)
  region size 2048K, 2 young (4096K), 2 survivors (4096K)
 Metaspace       used 145963K, committed 148096K, reserved 1179648K
  class space    used 19035K, committed 20160K, reserved 1048576K
}
Event: 11059.472 GC heap before
{Heap before GC invocations=100 (full 1):
 garbage-first heap   total 430080K, used 145787K [0x0000000740000000, 0x0000000800000000)
  region size 2048K, 10 young (20480K), 2 survivors (4096K)
 Metaspace       used 146187K, committed 148288K, reserved 1179648K
  class space    used 19057K, committed 20160K, reserved 1048576K
}
Event: 11059.496 GC heap after
{Heap after GC invocations=101 (full 1):
 garbage-first heap   total 430080K, used 128285K [0x0000000740000000, 0x0000000800000000)
  region size 2048K, 1 young (2048K), 1 survivors (2048K)
 Metaspace       used 146187K, committed 148288K, reserved 1179648K
  class space    used 19057K, committed 20160K, reserved 1048576K
}
Event: 11062.095 GC heap before
{Heap before GC invocations=101 (full 1):
 garbage-first heap   total 430080K, used 146717K [0x0000000740000000, 0x0000000800000000)
  region size 2048K, 10 young (20480K), 1 survivors (2048K)
 Metaspace       used 147612K, committed 149696K, reserved 1179648K
  class space    used 19227K, committed 20352K, reserved 1048576K
}
Event: 11062.147 GC heap after
{Heap after GC invocations=102 (full 1):
 garbage-first heap   total 430080K, used 128577K [0x0000000740000000, 0x0000000800000000)
  region size 2048K, 1 young (2048K), 1 survivors (2048K)
 Metaspace       used 147612K, committed 149696K, reserved 1179648K
  class space    used 19227K, committed 20352K, reserved 1048576K
}
Event: 11065.826 GC heap before
{Heap before GC invocations=103 (full 1):
 garbage-first heap   total 430080K, used 147009K [0x0000000740000000, 0x0000000800000000)
  region size 2048K, 10 young (20480K), 1 survivors (2048K)
 Metaspace       used 147730K, committed 150912K, reserved 1245184K
  class space    used 19189K, committed 20480K, reserved 1048576K
}
Event: 11065.833 GC heap after
{Heap after GC invocations=104 (full 1):
 garbage-first heap   total 430080K, used 128968K [0x0000000740000000, 0x0000000800000000)
  region size 2048K, 1 young (2048K), 1 survivors (2048K)
 Metaspace       used 147730K, committed 150912K, reserved 1245184K
  class space    used 19189K, committed 20480K, reserved 1048576K
}
Event: 11066.977 GC heap before
{Heap before GC invocations=104 (full 1):
 garbage-first heap   total 430080K, used 145352K [0x0000000740000000, 0x0000000800000000)
  region size 2048K, 10 young (20480K), 1 survivors (2048K)
 Metaspace       used 149819K, committed 152064K, reserved 1245184K
  class space    used 19399K, committed 20480K, reserved 1048576K
}
Event: 11066.984 GC heap after
{Heap after GC invocations=105 (full 1):
 garbage-first heap   total 430080K, used 127076K [0x0000000740000000, 0x0000000800000000)
  region size 2048K, 1 young (2048K), 1 survivors (2048K)
 Metaspace       used 149819K, committed 152064K, reserved 1245184K
  class space    used 19399K, committed 20480K, reserved 1048576K
}
Event: 11067.908 GC heap before
{Heap before GC invocations=105 (full 1):
 garbage-first heap   total 430080K, used 145508K [0x0000000740000000, 0x0000000800000000)
  region size 2048K, 10 young (20480K), 1 survivors (2048K)
 Metaspace       used 151778K, committed 153728K, reserved 1245184K
  class space    used 19592K, committed 20608K, reserved 1048576K
}
Event: 11067.918 GC heap after
{Heap after GC invocations=106 (full 1):
 garbage-first heap   total 430080K, used 125971K [0x0000000740000000, 0x0000000800000000)
  region size 2048K, 2 young (4096K), 2 survivors (4096K)
 Metaspace       used 151778K, committed 153728K, reserved 1245184K
  class space    used 19592K, committed 20608K, reserved 1048576K
}
Event: 11069.209 GC heap before
{Heap before GC invocations=106 (full 1):
 garbage-first heap   total 430080K, used 140307K [0x0000000740000000, 0x0000000800000000)
  region size 2048K, 10 young (20480K), 2 survivors (4096K)
 Metaspace       used 153064K, committed 154880K, reserved 1245184K
  class space    used 19831K, committed 20736K, reserved 1048576K
}
Event: 11069.221 GC heap after
{Heap after GC invocations=107 (full 1):
 garbage-first heap   total 430080K, used 124576K [0x0000000740000000, 0x0000000800000000)
  region size 2048K, 2 young (4096K), 2 survivors (4096K)
 Metaspace       used 153064K, committed 154880K, reserved 1245184K
  class space    used 19831K, committed 20736K, reserved 1048576K
}
Event: 11071.772 GC heap before
{Heap before GC invocations=107 (full 1):
 garbage-first heap   total 430080K, used 140960K [0x0000000740000000, 0x0000000800000000)
  region size 2048K, 10 young (20480K), 2 survivors (4096K)
 Metaspace       used 154046K, committed 155904K, reserved 1245184K
  class space    used 19979K, committed 20928K, reserved 1048576K
}

