# JRE version: OpenJDK Runtime Environment Corretto-21.0.11.10.1 (21.0.11+10) (build 21.0.11+10-LTS)
# Java VM: OpenJDK 64-Bit Server VM Corretto-21.0.11.10.1 (21.0.11+10-LTS, mixed mode, sharing, tiered, compressed oops, compressed class ptrs, g1 gc, windows-amd64)
GC Precious Log:
 CardTable entry size: 512
 Card Set container configuration: InlinePtr #cards 4 size 8 Array Of Cards #cards 16 size 48 Howl #buckets 8 coarsen threshold 3686 Howl Bitmap #cards 512 size 80 coarsen threshold 460 Card regions per heap region 1 cards per card region 4096
 CPUs: 4 total, 4 available
 Memory: 6059M
 Large Page Support: Disabled
 NUMA Support: Disabled
 Compressed Oops: Enabled (Zero based)
 Heap Region Size: 2M
 Heap Min Capacity: 8M
 Heap Initial Capacity: 96M
 Heap Max Capacity: 3G
 Pre-touch: Disabled
 Parallel Workers: 4
 Concurrent Workers: 1
 Concurrent Refinement Workers: 4
 Periodic GC: Disabled
Heap:
 garbage-first heap   total 546816K, used 291621K [0x0000000740000000, 0x0000000800000000)
  region size 2048K, 3 young (6144K), 3 survivors (6144K)
 Metaspace       used 257356K, committed 260864K, reserved 1310720K
  class space    used 32577K, committed 34368K, reserved 1048576K
GC Heap History (20 events):
Event: 1542.404 GC heap after
{Heap after GC invocations=94 (full 0):
 garbage-first heap   total 546816K, used 228506K [0x0000000740000000, 0x0000000800000000)
  region size 2048K, 4 young (8192K), 4 survivors (8192K)
 Metaspace       used 249104K, committed 252480K, reserved 1310720K
  class space    used 31485K, committed 33152K, reserved 1048576K
}
Event: 1543.764 GC heap before
{Heap before GC invocations=94 (full 0):
 garbage-first heap   total 546816K, used 251034K [0x0000000740000000, 0x0000000800000000)
  region size 2048K, 15 young (30720K), 4 survivors (8192K)
 Metaspace       used 249171K, committed 252544K, reserved 1310720K
  class space    used 31486K, committed 33152K, reserved 1048576K
}
Event: 1543.813 GC heap after
{Heap after GC invocations=95 (full 0):
 garbage-first heap   total 546816K, used 233281K [0x0000000740000000, 0x0000000800000000)
  region size 2048K, 2 young (4096K), 2 survivors (4096K)
 Metaspace       used 249171K, committed 252544K, reserved 1310720K
  class space    used 31486K, committed 33152K, reserved 1048576K
}
Event: 1561.592 GC heap before
{Heap before GC invocations=95 (full 0):
 garbage-first heap   total 546816K, used 311105K [0x0000000740000000, 0x0000000800000000)
  region size 2048K, 40 young (81920K), 2 survivors (4096K)
 Metaspace       used 250935K, committed 254272K, reserved 1310720K
  class space    used 31693K, committed 33344K, reserved 1048576K
}
Event: 1561.676 GC heap after
{Heap after GC invocations=96 (full 0):
 garbage-first heap   total 546816K, used 243367K [0x0000000740000000, 0x0000000800000000)
  region size 2048K, 5 young (10240K), 5 survivors (10240K)
 Metaspace       used 250935K, committed 254272K, reserved 1310720K
  class space    used 31693K, committed 33344K, reserved 1048576K
}
Event: 1562.250 GC heap before
{Heap before GC invocations=96 (full 0):
 garbage-first heap   total 546816K, used 259751K [0x0000000740000000, 0x0000000800000000)
  region size 2048K, 13 young (26624K), 5 survivors (10240K)
 Metaspace       used 251096K, committed 254400K, reserved 1310720K
  class space    used 31710K, committed 33344K, reserved 1048576K
}
Event: 1562.283 GC heap after
{Heap after GC invocations=97 (full 0):
 garbage-first heap   total 546816K, used 247110K [0x0000000740000000, 0x0000000800000000)
  region size 2048K, 2 young (4096K), 2 survivors (4096K)
 Metaspace       used 251096K, committed 254400K, reserved 1310720K
  class space    used 31710K, committed 33344K, reserved 1048576K
}
Event: 1571.067 GC heap before
{Heap before GC invocations=98 (full 0):
 garbage-first heap   total 546816K, used 314694K [0x0000000740000000, 0x0000000800000000)
  region size 2048K, 36 young (73728K), 2 survivors (4096K)
 Metaspace       used 254143K, committed 257664K, reserved 1310720K
  class space    used 32163K, committed 33920K, reserved 1048576K
}
Event: 1571.096 GC heap after
{Heap after GC invocations=99 (full 0):
 garbage-first heap   total 546816K, used 251615K [0x0000000740000000, 0x0000000800000000)
  region size 2048K, 4 young (8192K), 4 survivors (8192K)
 Metaspace       used 254143K, committed 257664K, reserved 1310720K
  class space    used 32163K, committed 33920K, reserved 1048576K
}
Event: 1579.254 GC heap before
{Heap before GC invocations=99 (full 0):
 garbage-first heap   total 546816K, used 333535K [0x0000000740000000, 0x0000000800000000)
  region size 2048K, 43 young (88064K), 4 survivors (8192K)
 Metaspace       used 256462K, committed 259968K, reserved 1310720K
  class space    used 32483K, committed 34240K, reserved 1048576K
}
Event: 1579.306 GC heap after
{Heap after GC invocations=100 (full 0):
 garbage-first heap   total 546816K, used 256000K [0x0000000740000000, 0x0000000800000000)
  region size 2048K, 6 young (12288K), 6 survivors (12288K)
 Metaspace       used 256462K, committed 259968K, reserved 1310720K
  class space    used 32483K, committed 34240K, reserved 1048576K
}
Event: 1580.866 GC heap before
{Heap before GC invocations=100 (full 0):
 garbage-first heap   total 546816K, used 301056K [0x0000000740000000, 0x0000000800000000)
  region size 2048K, 29 young (59392K), 6 survivors (12288K)
 Metaspace       used 257258K, committed 260800K, reserved 1310720K
  class space    used 32565K, committed 34368K, reserved 1048576K
}
Event: 1581.255 GC heap after
{Heap after GC invocations=101 (full 0):
 garbage-first heap   total 546816K, used 262639K [0x0000000740000000, 0x0000000800000000)
  region size 2048K, 4 young (8192K), 4 survivors (8192K)
 Metaspace       used 257258K, committed 260800K, reserved 1310720K
  class space    used 32565K, committed 34368K, reserved 1048576K
}
Event: 1581.810 GC heap before
{Heap before GC invocations=101 (full 0):
 garbage-first heap   total 546816K, used 285167K [0x0000000740000000, 0x0000000800000000)
  region size 2048K, 16 young (32768K), 4 survivors (8192K)
 Metaspace       used 257272K, committed 260800K, reserved 1310720K
  class space    used 32566K, committed 34368K, reserved 1048576K
}
Event: 1582.261 GC heap after
{Heap after GC invocations=102 (full 0):
 garbage-first heap   total 546816K, used 266770K [0x0000000740000000, 0x0000000800000000)
  region size 2048K, 2 young (4096K), 2 survivors (4096K)
 Metaspace       used 257272K, committed 260800K, reserved 1310720K
  class space    used 32566K, committed 34368K, reserved 1048576K
}
Event: 1582.452 GC heap before
{Heap before GC invocations=102 (full 0):
 garbage-first heap   total 546816K, used 287250K [0x0000000740000000, 0x0000000800000000)
  region size 2048K, 13 young (26624K), 2 survivors (4096K)
 Metaspace       used 257290K, committed 260800K, reserved 1310720K
  class space    used 32568K, committed 34368K, reserved 1048576K
}
Event: 1583.501 GC heap after
{Heap after GC invocations=103 (full 0):
 garbage-first heap   total 546816K, used 271929K [0x0000000740000000, 0x0000000800000000)
  region size 2048K, 2 young (4096K), 2 survivors (4096K)
 Metaspace       used 257290K, committed 260800K, reserved 1310720K
  class space    used 32568K, committed 34368K, reserved 1048576K
}
Event: 1583.668 GC heap before
{Heap before GC invocations=103 (full 0):
 garbage-first heap   total 546816K, used 294457K [0x0000000740000000, 0x0000000800000000)
  region size 2048K, 13 young (26624K), 2 survivors (4096K)
 Metaspace       used 257293K, committed 260800K, reserved 1310720K
  class space    used 32568K, committed 34368K, reserved 1048576K
}
Event: 1584.273 GC heap after
{Heap after GC invocations=104 (full 0):
 garbage-first heap   total 546816K, used 278949K [0x0000000740000000, 0x0000000800000000)
  region size 2048K, 2 young (4096K), 2 survivors (4096K)
 Metaspace       used 257293K, committed 260800K, reserved 1310720K
  class space    used 32568K, committed 34368K, reserved 1048576K
}
Event: 1585.485 GC heap before
{Heap before GC invocations=104 (full 0):
 garbage-first heap   total 546816K, used 324005K [0x0000000740000000, 0x0000000800000000)
  region size 2048K, 24 young (49152K), 2 survivors (4096K)
 Metaspace       used 257356K, committed 260864K, reserved 1310720K
  class space    used 32577K, committed 34368K, reserved 1048576K
}

