# JRE version: OpenJDK Runtime Environment Corretto-21.0.11.10.1 (21.0.11+10) (build 21.0.11+10-LTS)
# Java VM: OpenJDK 64-Bit Server VM Corretto-21.0.11.10.1 (21.0.11+10-LTS, mixed mode, sharing, tiered, compressed oops, compressed class ptrs, g1 gc, windows-amd64)
GC Precious Log:
 CardTable entry size: 512
 Card Set container configuration: InlinePtr #cards 4 size 8 Array Of Cards #cards 16 size 48 Howl #buckets 8 coarsen threshold 3686 Howl Bitmap #cards 512 size 80 coarsen threshold 460 Card regions per heap region 1 cards per card region 4096
 CPUs: 4 total, 4 available
 Memory: 6059M
 Large Page Support: Disabled
 NUMA Support: Disabled
 Compressed Oops: Enabled (Zero based)
 Heap Region Size: 2M
 Heap Min Capacity: 8M
 Heap Initial Capacity: 96M
 Heap Max Capacity: 3G
 Pre-touch: Disabled
 Parallel Workers: 4
 Concurrent Workers: 1
 Concurrent Refinement Workers: 4
 Periodic GC: Disabled
Heap:
 garbage-first heap   total 571392K, used 127767K [0x0000000740000000, 0x0000000800000000)
  region size 2048K, 1 young (2048K), 1 survivors (2048K)
 Metaspace       used 139675K, committed 141440K, reserved 1179648K
  class space    used 17799K, committed 18688K, reserved 1048576K
GC Heap History (20 events):
Event: 11315.283 GC heap after
{Heap after GC invocations=93 (full 2):
 garbage-first heap   total 321536K, used 91860K [0x0000000740000000, 0x0000000800000000)
  region size 2048K, 0 young (0K), 0 survivors (0K)
 Metaspace       used 136241K, committed 137984K, reserved 1179648K
  class space    used 17465K, committed 18368K, reserved 1048576K
}
Event: 11489.930 GC heap before
{Heap before GC invocations=93 (full 2):
 garbage-first heap   total 321536K, used 159444K [0x0000000740000000, 0x0000000800000000)
  region size 2048K, 34 young (69632K), 0 survivors (0K)
 Metaspace       used 139486K, committed 141184K, reserved 1179648K
  class space    used 17793K, committed 18688K, reserved 1048576K
}
Event: 11490.037 GC heap after
{Heap after GC invocations=94 (full 2):
 garbage-first heap   total 571392K, used 95411K [0x0000000740000000, 0x0000000800000000)
  region size 2048K, 2 young (4096K), 2 survivors (4096K)
 Metaspace       used 139486K, committed 141184K, reserved 1179648K
  class space    used 17793K, committed 18688K, reserved 1048576K
}
Event: 11493.393 GC heap before
{Heap before GC invocations=94 (full 2):
 garbage-first heap   total 571392K, used 160947K [0x0000000740000000, 0x0000000800000000)
  region size 2048K, 34 young (69632K), 2 survivors (4096K)
 Metaspace       used 139568K, committed 141248K, reserved 1179648K
  class space    used 17797K, committed 18688K, reserved 1048576K
}
Event: 11493.441 GC heap after
{Heap after GC invocations=95 (full 2):
 garbage-first heap   total 571392K, used 104384K [0x0000000740000000, 0x0000000800000000)
  region size 2048K, 5 young (10240K), 5 survivors (10240K)
 Metaspace       used 139568K, committed 141248K, reserved 1179648K
  class space    used 17797K, committed 18688K, reserved 1048576K
}
Event: 11494.362 GC heap before
{Heap before GC invocations=95 (full 2):
 garbage-first heap   total 571392K, used 141248K [0x0000000740000000, 0x0000000800000000)
  region size 2048K, 23 young (47104K), 5 survivors (10240K)
 Metaspace       used 139590K, committed 141312K, reserved 1179648K
  class space    used 17797K, committed 18688K, reserved 1048576K
}
Event: 11494.437 GC heap after
{Heap after GC invocations=96 (full 2):
 garbage-first heap   total 571392K, used 106493K [0x0000000740000000, 0x0000000800000000)
  region size 2048K, 2 young (4096K), 2 survivors (4096K)
 Metaspace       used 139590K, committed 141312K, reserved 1179648K
  class space    used 17797K, committed 18688K, reserved 1048576K
}
Event: 11496.162 GC heap before
{Heap before GC invocations=96 (full 2):
 garbage-first heap   total 571392K, used 202749K [0x0000000740000000, 0x0000000800000000)
  region size 2048K, 49 young (100352K), 2 survivors (4096K)
 Metaspace       used 139601K, committed 141312K, reserved 1179648K
  class space    used 17797K, committed 18688K, reserved 1048576K
}
Event: 11496.179 GC heap after
{Heap after GC invocations=97 (full 2):
 garbage-first heap   total 571392K, used 109624K [0x0000000740000000, 0x0000000800000000)
  region size 2048K, 3 young (6144K), 3 survivors (6144K)
 Metaspace       used 139601K, committed 141312K, reserved 1179648K
  class space    used 17797K, committed 18688K, reserved 1048576K
}
Event: 11499.092 GC heap before
{Heap before GC invocations=97 (full 2):
 garbage-first heap   total 571392K, used 230456K [0x0000000740000000, 0x0000000800000000)
  region size 2048K, 62 young (126976K), 3 survivors (6144K)
 Metaspace       used 139634K, committed 141376K, reserved 1179648K
  class space    used 17797K, committed 18688K, reserved 1048576K
}
Event: 11499.111 GC heap after
{Heap after GC invocations=98 (full 2):
 garbage-first heap   total 571392K, used 114298K [0x0000000740000000, 0x0000000800000000)
  region size 2048K, 5 young (10240K), 5 survivors (10240K)
 Metaspace       used 139634K, committed 141376K, reserved 1179648K
  class space    used 17797K, committed 18688K, reserved 1048576K
}
Event: 11502.242 GC heap before
{Heap before GC invocations=98 (full 2):
 garbage-first heap   total 571392K, used 243322K [0x0000000740000000, 0x0000000800000000)
  region size 2048K, 67 young (137216K), 5 survivors (10240K)
 Metaspace       used 139670K, committed 141440K, reserved 1179648K
  class space    used 17799K, committed 18688K, reserved 1048576K
}
Event: 11502.274 GC heap after
{Heap after GC invocations=99 (full 2):
 garbage-first heap   total 571392K, used 121025K [0x0000000740000000, 0x0000000800000000)
  region size 2048K, 7 young (14336K), 7 survivors (14336K)
 Metaspace       used 139670K, committed 141440K, reserved 1179648K
  class space    used 17799K, committed 18688K, reserved 1048576K
}
Event: 11507.901 GC heap before
{Heap before GC invocations=99 (full 2):
 garbage-first heap   total 571392K, used 307393K [0x0000000740000000, 0x0000000800000000)
  region size 2048K, 97 young (198656K), 7 survivors (14336K)
 Metaspace       used 139671K, committed 141440K, reserved 1179648K
  class space    used 17799K, committed 18688K, reserved 1048576K
}
Event: 11508.075 GC heap after
{Heap after GC invocations=100 (full 2):
 garbage-first heap   total 571392K, used 127557K [0x0000000740000000, 0x0000000800000000)
  region size 2048K, 10 young (20480K), 10 survivors (20480K)
 Metaspace       used 139671K, committed 141440K, reserved 1179648K
  class space    used 17799K, committed 18688K, reserved 1048576K
}
Event: 11509.623 GC heap before
{Heap before GC invocations=100 (full 2):
 garbage-first heap   total 571392K, used 227909K [0x0000000740000000, 0x0000000800000000)
  region size 2048K, 59 young (120832K), 10 survivors (20480K)
 Metaspace       used 139672K, committed 141440K, reserved 1179648K
  class space    used 17799K, committed 18688K, reserved 1048576K
}
Event: 11513.083 GC heap after
{Heap after GC invocations=101 (full 2):
 garbage-first heap   total 571392K, used 126761K [0x0000000740000000, 0x0000000800000000)
  region size 2048K, 2 young (4096K), 2 survivors (4096K)
 Metaspace       used 139672K, committed 141440K, reserved 1179648K
  class space    used 17799K, committed 18688K, reserved 1048576K
}
Event: 11513.901 GC heap before
{Heap before GC invocations=101 (full 2):
 garbage-first heap   total 571392K, used 149289K [0x0000000740000000, 0x0000000800000000)
  region size 2048K, 13 young (26624K), 2 survivors (4096K)
 Metaspace       used 139674K, committed 141440K, reserved 1179648K
  class space    used 17799K, committed 18688K, reserved 1048576K
}
Event: 11514.104 GC heap after
{Heap after GC invocations=102 (full 2):
 garbage-first heap   total 571392K, used 129155K [0x0000000740000000, 0x0000000800000000)
  region size 2048K, 1 young (2048K), 1 survivors (2048K)
 Metaspace       used 139674K, committed 141440K, reserved 1179648K
  class space    used 17799K, committed 18688K, reserved 1048576K
}
Event: 11514.249 GC heap before
{Heap before GC invocations=102 (full 2):
 garbage-first heap   total 571392K, used 153731K [0x0000000740000000, 0x0000000800000000)
  region size 2048K, 13 young (26624K), 1 survivors (2048K)
 Metaspace       used 139675K, committed 141440K, reserved 1179648K
  class space    used 17799K, committed 18688K, reserved 1048576K
}

